  WorkList.cpp
c:\users\dimon\source\repos\homework №26\homework №26\worklist.cpp(143): warning C4309: '=': truncation of constant value
c:\users\dimon\source\repos\homework №26\homework №26\worklist.cpp(148): warning C4309: '=': truncation of constant value
c:\users\dimon\source\repos\homework №26\homework №26\worklist.cpp(153): warning C4309: '=': truncation of constant value
c:\users\dimon\source\repos\homework №26\homework №26\worklist.cpp(158): warning C4309: '=': truncation of constant value
c:\users\dimon\source\repos\homework №26\homework №26\worklist.cpp(163): warning C4309: '=': truncation of constant value
c:\users\dimon\source\repos\homework №26\homework №26\worklist.cpp(171): warning C4309: '=': truncation of constant value
c:\users\dimon\source\repos\homework №26\homework №26\worklist.cpp(177): warning C4309: '=': truncation of constant value
c:\users\dimon\source\repos\homework №26\homework №26\worklist.cpp(182): warning C4309: '=': truncation of constant value
c:\users\dimon\source\repos\homework №26\homework №26\worklist.cpp(187): warning C4309: '=': truncation of constant value
c:\users\dimon\source\repos\homework №26\homework №26\worklist.cpp(192): warning C4309: '=': truncation of constant value
c:\users\dimon\source\repos\homework №26\homework №26\worklist.cpp(200): warning C4309: '=': truncation of constant value
c:\users\dimon\source\repos\homework №26\homework №26\worklist.cpp(205): warning C4309: '=': truncation of constant value
c:\users\dimon\source\repos\homework №26\homework №26\worklist.cpp(210): warning C4309: '=': truncation of constant value
c:\users\dimon\source\repos\homework №26\homework №26\worklist.cpp(215): warning C4309: '=': truncation of constant value
c:\users\dimon\source\repos\homework №26\homework №26\worklist.cpp(221): warning C4309: '=': truncation of constant value
c:\users\dimon\source\repos\homework №26\homework №26\worklist.cpp(229): warning C4309: '=': truncation of constant value
c:\users\dimon\source\repos\homework №26\homework №26\worklist.cpp(234): warning C4309: '=': truncation of constant value
c:\users\dimon\source\repos\homework №26\homework №26\worklist.cpp(239): warning C4309: '=': truncation of constant value
c:\users\dimon\source\repos\homework №26\homework №26\worklist.cpp(244): warning C4309: '=': truncation of constant value
c:\users\dimon\source\repos\homework №26\homework №26\worklist.cpp(249): warning C4309: '=': truncation of constant value
c:\users\dimon\source\repos\homework №26\homework №26\worklist.cpp(256): warning C4309: '=': truncation of constant value
c:\users\dimon\source\repos\homework №26\homework №26\worklist.cpp(262): warning C4309: '=': truncation of constant value
c:\users\dimon\source\repos\homework №26\homework №26\worklist.cpp(270): warning C4309: '=': truncation of constant value
c:\users\dimon\source\repos\homework №26\homework №26\worklist.cpp(274): warning C4309: '=': truncation of constant value
c:\users\dimon\source\repos\homework №26\homework №26\worklist.cpp(278): warning C4309: '=': truncation of constant value
c:\users\dimon\source\repos\homework №26\homework №26\worklist.cpp(286): warning C4309: '=': truncation of constant value
c:\users\dimon\source\repos\homework №26\homework №26\worklist.cpp(290): warning C4309: '=': truncation of constant value
c:\users\dimon\source\repos\homework №26\homework №26\worklist.cpp(294): warning C4309: '=': truncation of constant value
c:\users\dimon\source\repos\homework №26\homework №26\worklist.cpp(338): warning C4309: '=': truncation of constant value
c:\users\dimon\source\repos\homework №26\homework №26\worklist.cpp(343): warning C4309: '=': truncation of constant value
c:\users\dimon\source\repos\homework №26\homework №26\worklist.cpp(348): warning C4309: '=': truncation of constant value
c:\users\dimon\source\repos\homework №26\homework №26\worklist.cpp(356): warning C4309: '=': truncation of constant value
c:\users\dimon\source\repos\homework №26\homework №26\worklist.cpp(362): warning C4309: '=': truncation of constant value
c:\users\dimon\source\repos\homework №26\homework №26\worklist.cpp(367): warning C4309: '=': truncation of constant value
c:\users\dimon\source\repos\homework №26\homework №26\worklist.cpp(374): warning C4309: '=': truncation of constant value
c:\users\dimon\source\repos\homework №26\homework №26\worklist.cpp(382): warning C4309: '=': truncation of constant value
c:\users\dimon\source\repos\homework №26\homework №26\worklist.cpp(387): warning C4309: '=': truncation of constant value
c:\users\dimon\source\repos\homework №26\homework №26\worklist.cpp(395): warning C4309: '=': truncation of constant value
c:\users\dimon\source\repos\homework №26\homework №26\worklist.cpp(399): warning C4309: '=': truncation of constant value
c:\users\dimon\source\repos\homework №26\homework №26\worklist.cpp(411): warning C4309: '=': truncation of constant value
c:\users\dimon\source\repos\homework №26\homework №26\worklist.cpp(416): warning C4309: '=': truncation of constant value
c:\users\dimon\source\repos\homework №26\homework №26\worklist.cpp(421): warning C4309: '=': truncation of constant value
c:\users\dimon\source\repos\homework №26\homework №26\worklist.cpp(429): warning C4309: '=': truncation of constant value
c:\users\dimon\source\repos\homework №26\homework №26\worklist.cpp(435): warning C4309: '=': truncation of constant value
c:\users\dimon\source\repos\homework №26\homework №26\worklist.cpp(440): warning C4309: '=': truncation of constant value
c:\users\dimon\source\repos\homework №26\homework №26\worklist.cpp(445): warning C4309: '=': truncation of constant value
c:\users\dimon\source\repos\homework №26\homework №26\worklist.cpp(453): warning C4309: '=': truncation of constant value
c:\users\dimon\source\repos\homework №26\homework №26\worklist.cpp(459): warning C4309: '=': truncation of constant value
c:\users\dimon\source\repos\homework №26\homework №26\worklist.cpp(468): warning C4309: '=': truncation of constant value
c:\users\dimon\source\repos\homework №26\homework №26\worklist.cpp(472): warning C4309: '=': truncation of constant value
c:\users\dimon\source\repos\homework №26\homework №26\worklist.cpp(476): warning C4309: '=': truncation of constant value
c:\users\dimon\source\repos\homework №26\homework №26\worklist.cpp(484): warning C4309: '=': truncation of constant value
c:\users\dimon\source\repos\homework №26\homework №26\worklist.cpp(488): warning C4309: '=': truncation of constant value
c:\users\dimon\source\repos\homework №26\homework №26\worklist.cpp(492): warning C4309: '=': truncation of constant value
c:\users\dimon\source\repos\homework №26\homework №26\worklist.cpp(504): warning C4309: '=': truncation of constant value
c:\users\dimon\source\repos\homework №26\homework №26\worklist.cpp(509): warning C4309: '=': truncation of constant value
c:\users\dimon\source\repos\homework №26\homework №26\worklist.cpp(514): warning C4309: '=': truncation of constant value
c:\users\dimon\source\repos\homework №26\homework №26\worklist.cpp(522): warning C4309: '=': truncation of constant value
c:\users\dimon\source\repos\homework №26\homework №26\worklist.cpp(528): warning C4309: '=': truncation of constant value
c:\users\dimon\source\repos\homework №26\homework №26\worklist.cpp(533): warning C4309: '=': truncation of constant value
c:\users\dimon\source\repos\homework №26\homework №26\worklist.cpp(538): warning C4309: '=': truncation of constant value
c:\users\dimon\source\repos\homework №26\homework №26\worklist.cpp(546): warning C4309: '=': truncation of constant value
c:\users\dimon\source\repos\homework №26\homework №26\worklist.cpp(552): warning C4309: '=': truncation of constant value
c:\users\dimon\source\repos\homework №26\homework №26\worklist.cpp(561): warning C4309: '=': truncation of constant value
c:\users\dimon\source\repos\homework №26\homework №26\worklist.cpp(565): warning C4309: '=': truncation of constant value
c:\users\dimon\source\repos\homework №26\homework №26\worklist.cpp(569): warning C4309: '=': truncation of constant value
c:\users\dimon\source\repos\homework №26\homework №26\worklist.cpp(577): warning C4309: '=': truncation of constant value
c:\users\dimon\source\repos\homework №26\homework №26\worklist.cpp(581): warning C4309: '=': truncation of constant value
c:\users\dimon\source\repos\homework №26\homework №26\worklist.cpp(585): warning C4309: '=': truncation of constant value
c:\users\dimon\source\repos\homework №26\homework №26\worklist.cpp(592): warning C4018: '<': signed/unsigned mismatch
c:\users\dimon\source\repos\homework №26\homework №26\worklist.cpp(602): warning C4018: '<': signed/unsigned mismatch
c:\users\dimon\source\repos\homework №26\homework №26\worklist.cpp(611): warning C4018: '<': signed/unsigned mismatch
c:\users\dimon\source\repos\homework №26\homework №26\worklist.cpp(633): warning C4018: '<': signed/unsigned mismatch
c:\users\dimon\source\repos\homework №26\homework №26\worklist.cpp(645): warning C4018: '<': signed/unsigned mismatch
c:\users\dimon\source\repos\homework №26\homework №26\worklist.cpp(671): warning C4018: '<': signed/unsigned mismatch
c:\users\dimon\source\repos\homework №26\homework №26\worklist.cpp(675): warning C4018: '<': signed/unsigned mismatch
c:\users\dimon\source\repos\homework №26\homework №26\worklist.cpp(706): warning C4018: '<': signed/unsigned mismatch
c:\users\dimon\source\repos\homework №26\homework №26\worklist.cpp(888): warning C4326: return type of 'main' should be 'int' instead of 'void'
c:\users\dimon\source\repos\homework №26\homework №26\worklist.cpp(890): warning C4244: 'argument': conversion from 'time_t' to 'unsigned int', possible loss of data
  HomeWork №26.vcxproj -> C:\Users\dimon\source\repos\HomeWork №26\Debug\HomeWork №26.exe
